

Started GET "/public/hello.html" for 127.0.0.1 at 2011-02-08 23:58:56 -0500

ActionController::RoutingError (No route matches "/public/hello.html"):
  

Rendered /Users/pedromallende/.rvm/gems/ruby-1.9.2-p136@rails3tutorial/gems/actionpack-3.0.3/lib/action_dispatch/middleware/templates/rescues/routing_error.erb within rescues/layout (1.3ms)


Started GET "/about.html" for 127.0.0.1 at 2011-02-09 00:13:43 -0500

ActionController::RoutingError (No route matches "/about.html"):
  

Rendered /Users/pedromallende/.rvm/gems/ruby-1.9.2-p136@rails3tutorial/gems/actionpack-3.0.3/lib/action_dispatch/middleware/templates/rescues/routing_error.erb within rescues/layout (1.1ms)


Started GET "/pages/about" for 127.0.0.1 at 2011-02-09 00:13:52 -0500
  Processing by PagesController#about as HTML
Rendered pages/about.html.erb within layouts/application (1.8ms)
Completed 200 OK in 6ms (Views: 5.6ms | ActiveRecord: 0.0ms)


Started GET "/pages/about" for 127.0.0.1 at 2011-02-09 21:38:04 -0500
  Processing by PagesController#about as HTML
Rendered pages/about.html.erb (0.5ms)
Completed 200 OK in 5ms (Views: 4.3ms | ActiveRecord: 0.0ms)


Started GET "/pages/homr" for 127.0.0.1 at 2011-02-09 21:38:14 -0500

ActionController::RoutingError (No route matches "/pages/homr"):
  

Rendered /Users/pedromallende/.rvm/gems/ruby-1.9.2-p136@rails3tutorial/gems/actionpack-3.0.3/lib/action_dispatch/middleware/templates/rescues/routing_error.erb within rescues/layout (1.1ms)


Started GET "/pages/home" for 127.0.0.1 at 2011-02-09 21:38:17 -0500
  Processing by PagesController#home as HTML
Rendered pages/home.html.erb (0.4ms)
Completed 200 OK in 4ms (Views: 4.0ms | ActiveRecord: 0.0ms)


Started GET "/pages/contact" for 127.0.0.1 at 2011-02-09 21:38:22 -0500
  Processing by PagesController#contact as HTML
Rendered pages/contact.html.erb (0.3ms)
Completed 200 OK in 4ms (Views: 3.9ms | ActiveRecord: 0.0ms)


Started GET "/sample_app" for 127.0.0.1 at 2011-02-13 14:37:39 -0500

ActionController::RoutingError (No route matches "/sample_app"):
  

Rendered /Users/pedromallende/.rvm/gems/ruby-1.9.2-p136@rails3tutorial/gems/actionpack-3.0.3/lib/action_dispatch/middleware/templates/rescues/routing_error.erb within rescues/layout (1.2ms)


Started GET "/contact.html" for 127.0.0.1 at 2011-02-13 14:38:01 -0500

ActionController::RoutingError (No route matches "/contact.html"):
  

Rendered /Users/pedromallende/.rvm/gems/ruby-1.9.2-p136@rails3tutorial/gems/actionpack-3.0.3/lib/action_dispatch/middleware/templates/rescues/routing_error.erb within rescues/layout (1.0ms)


Started GET "/contact" for 127.0.0.1 at 2011-02-13 14:38:05 -0500

ActionController::RoutingError (No route matches "/contact"):
  

Rendered /Users/pedromallende/.rvm/gems/ruby-1.9.2-p136@rails3tutorial/gems/actionpack-3.0.3/lib/action_dispatch/middleware/templates/rescues/routing_error.erb within rescues/layout (0.9ms)


Started GET "/pages/contact" for 127.0.0.1 at 2011-02-13 14:38:07 -0500
  Processing by PagesController#contact as HTML
Rendered pages/contact.html.erb within layouts/application (0.8ms)
Completed 200 OK in 6ms (Views: 5.2ms | ActiveRecord: 0.0ms)


Started GET "/pages/about" for 127.0.0.1 at 2011-02-13 14:38:13 -0500
  Processing by PagesController#about as HTML
Rendered pages/about.html.erb within layouts/application (0.8ms)
Completed 200 OK in 5ms (Views: 4.6ms | ActiveRecord: 0.0ms)


Started GET "/pages/about" for 127.0.0.1 at 2011-02-13 15:03:22 -0500
  Processing by PagesController#about as HTML
Rendered pages/about.html.erb within layouts/application (1.0ms)
Completed 200 OK in 6ms (Views: 5.3ms | ActiveRecord: 0.0ms)


Started GET "/pages/help" for 127.0.0.1 at 2011-02-13 15:03:28 -0500

ActionController::RoutingError (No route matches "/pages/help"):
  

Rendered /Users/pedromallende/.rvm/gems/ruby-1.9.2-p136@rails3tutorial/gems/actionpack-3.0.3/lib/action_dispatch/middleware/templates/rescues/routing_error.erb within rescues/layout (1.0ms)


Started GET "/pages/contact" for 127.0.0.1 at 2011-02-13 15:03:34 -0500
  Processing by PagesController#contact as HTML
Rendered pages/contact.html.erb within layouts/application (0.9ms)
Completed 200 OK in 123ms (Views: 122.8ms | ActiveRecord: 0.0ms)


Started GET "/pages/help" for 127.0.0.1 at 2011-02-13 15:04:13 -0500

ActionController::RoutingError (No route matches "/pages/help"):
  

Rendered /Users/pedromallende/.rvm/gems/ruby-1.9.2-p136@rails3tutorial/gems/actionpack-3.0.3/lib/action_dispatch/middleware/templates/rescues/routing_error.erb within rescues/layout (1.0ms)


Started GET "/pages/help" for 127.0.0.1 at 2011-02-13 15:04:39 -0500

ActionController::RoutingError (No route matches "/pages/help"):
  

Rendered /Users/pedromallende/.rvm/gems/ruby-1.9.2-p136@rails3tutorial/gems/actionpack-3.0.3/lib/action_dispatch/middleware/templates/rescues/routing_error.erb within rescues/layout (1.0ms)
